[INFO      ] [модуль:              __main__] 2024-03-18 19:27:50,153   - Тестирование логирования
[INFO      ] [модуль:              __main__] 2024-03-18 20:01:48,082   - Запуск скрипта из модуля context_manager (task_1)
[INFO      ] [модуль:task_1.context_manager] 2024-03-18 20:01:48,083   - Указанного файла не существует. В текущей директории был создан и открыт файл: example.txt, режим - w
[INFO      ] [модуль:task_1.context_manager] 2024-03-18 20:01:48,083   - Файл example.txt закрыт
[INFO      ] [модуль:              __main__] 2024-03-18 20:02:48,991   - Запуск скрипта из модуля context_manager (task_1)
[INFO      ] [модуль:task_1.context_manager] 2024-03-18 20:02:48,991   - Файл открыт: example.txt, режим - r
[INFO      ] [модуль:task_1.context_manager] 2024-03-18 20:02:48,992   - Файл example.txt закрыт
[INFO      ] [модуль: task_2.my_math_module] 2024-03-18 21:25:17,491   - Запущена функция вычисления длины окружности circle_len
[INFO      ] [модуль: task_2.my_math_module] 2024-03-18 21:25:17,492   - Функция circle_len отработала корректно
[INFO      ] [модуль: task_2.my_math_module] 2024-03-18 21:25:17,492   - Запущена функция вычисления площади окружности circle_sq
[INFO      ] [модуль: task_2.my_math_module] 2024-03-18 21:25:17,492   - Функция circle_sq отработала корректно
[INFO      ] [модуль:              __main__] 2024-03-18 21:26:32,226   - Запуск скрипта из модуля my_math_module (task_2)
[INFO      ] [модуль: task_2.my_math_module] 2024-03-18 21:26:32,226   - Запущена функция вычисления длины окружности circle_len
[ERROR     ] [модуль: task_2.my_math_module] 2024-03-18 21:26:32,226   - Передано некорректное значение радиуса окружности - five
[INFO      ] [модуль: task_2.my_math_module] 2024-03-18 21:26:32,226   - Запущена функция вычисления площади окружности circle_sq
[INFO      ] [модуль: task_2.my_math_module] 2024-03-18 21:26:32,226   - Функция circle_sq отработала корректно
[INFO      ] [модуль:              __main__] 2024-03-22 18:17:35,227   - Запуск скрипта из модуля my_math_module (task_2)
[INFO      ] [модуль: task_2.my_math_module] 2024-03-22 18:17:35,227   - Запущена функция вычисления длины окружности circle_len
[INFO      ] [модуль: task_2.my_math_module] 2024-03-22 18:17:35,228   - Функция circle_len отработала корректно
[INFO      ] [модуль: task_2.my_math_module] 2024-03-22 18:17:35,228   - Запущена функция вычисления площади окружности circle_sq
[INFO      ] [модуль: task_2.my_math_module] 2024-03-22 18:17:35,228   - Функция circle_sq отработала корректно
[INFO      ] [модуль:              __main__] 2024-03-22 18:50:24,062   - Запуск скрипта из модуля date (task_3)
[INFO      ] [модуль:           task_3.date] 2024-03-22 18:50:24,063   - Запущена функция конвертирующая строковое представление даты в объект класса Date
[INFO      ] [модуль:           task_3.date] 2024-03-22 18:50:24,063   - Запущена функция проверки корректности введенной даты is_date_valid
[INFO      ] [модуль:           task_3.date] 2024-03-22 18:50:24,069   - Указанная дата корректна - 10-12-2077
[INFO      ] [модуль:           task_3.date] 2024-03-22 18:50:24,069   - Успешно создан объект класса Date
[INFO      ] [модуль:           task_3.date] 2024-03-22 18:50:24,069   - Запущена функция проверки корректности введенной даты is_date_valid
[INFO      ] [модуль:           task_3.date] 2024-03-22 18:50:24,069   - Указанная дата корректна - 10-12-2077
[INFO      ] [модуль:           task_3.date] 2024-03-22 18:50:24,070   - Запущена функция проверки корректности введенной даты is_date_valid
[ERROR     ] [модуль:           task_3.date] 2024-03-22 18:50:24,070   - Указанная дата не корректна - 40-12-2077
[INFO      ] [модуль:              __main__] 2024-03-23 13:23:50,956   - Запуск скрипта из модуля date (task_3)
[INFO      ] [модуль:           task_3.date] 2024-03-23 13:23:50,956   - Запущена функция конвертирующая строковое представление даты в объект класса Date
[INFO      ] [модуль:           task_3.date] 2024-03-23 13:23:50,956   - Запущена функция проверки корректности введенной даты is_date_valid
[INFO      ] [модуль:           task_3.date] 2024-03-23 13:23:50,960   - Указанная дата корректна - 10-12-2077
[INFO      ] [модуль:           task_3.date] 2024-03-23 13:23:50,960   - Успешно создан объект класса Date
[INFO      ] [модуль:           task_3.date] 2024-03-23 13:23:50,961   - Запущена функция проверки корректности введенной даты is_date_valid
[INFO      ] [модуль:           task_3.date] 2024-03-23 13:23:50,961   - Указанная дата корректна - 10-12-2077
[INFO      ] [модуль:           task_3.date] 2024-03-23 13:23:50,961   - Запущена функция проверки корректности введенной даты is_date_valid
[ERROR     ] [модуль:           task_3.date] 2024-03-23 13:23:50,961   - Указанная дата не корректна - 40-12-2077
